#
# A fatal error has been detected by the Java Runtime Environment:
#
#  Internal Error (safepoint.cpp:318), pid=692, tid=12547
#  guarantee(PageArmed == 0) failed: invariant
#
# JRE version: Java(TM) SE Runtime Environment (7.0_71-b14) (build 1.7.0_71-b14)
# Java VM: Java HotSpot(TM) 64-Bit Server VM (24.71-b01 mixed mode bsd-amd64 compressed oops)
# Failed to write core dump. Core dumps have been disabled. To enable core dumping, try "ulimit -c unlimited" before starting Java again
#
# If you would like to submit a bug report, please visit:
#   http://bugreport.sun.com/bugreport/crash.jsp
#

---------------  T H R E A D  ---------------

Current thread (0x00007ffd16802800):  VMThread [stack: 0x0000000114355000,0x0000000114455000] [id=12547]

Stack: [0x0000000114355000,0x0000000114455000],  sp=0x0000000114454990,  free space=1022k
Native frames: (J=compiled Java code, j=interpreted, Vv=VM code, C=native code)
V  [libjvm.dylib+0x52bf71]  VMError::report_and_die()+0x5cd
V  [libjvm.dylib+0x1ed2d5]  report_vm_error(char const*, int, char const*, char const*)+0x54
V  [libjvm.dylib+0x473bbe]  SafepointSynchronize::begin()+0x2b2
V  [libjvm.dylib+0x531aad]  VMThread::loop()+0x319
V  [libjvm.dylib+0x5313e3]  VMThread::run()+0x79
V  [libjvm.dylib+0x420e02]  java_start(Thread*)+0x126
C  [libsystem_pthread.dylib+0x32fc]  _pthread_body+0x83
C  [libsystem_pthread.dylib+0x3279]  _pthread_body+0x0
C  [libsystem_pthread.dylib+0x14b1]  thread_start+0xd

VM_Operation (0x0000000114796718): Exit, mode: safepoint, requested by thread 0x00007ffd13874800


---------------  P R O C E S S  ---------------

Java Threads: ( => current thread )
  0x00007ffd13874800 JavaThread "SIGINT handler" daemon [_thread_blocked, id=15115, stack(0x0000000114697000,0x0000000114797000)]
  0x00007ffd17046000 JavaThread "Monitor Ctrl-Break" daemon [_thread_in_native, id=20739, stack(0x00000001165b7000,0x00000001166b7000)]
  0x00007ffd17008000 JavaThread "Service Thread" daemon [_thread_blocked, id=19715, stack(0x00000001161a8000,0x00000001162a8000)]
  0x00007ffd17006000 JavaThread "C2 CompilerThread1" daemon [_thread_blocked, id=19203, stack(0x00000001160a5000,0x00000001161a5000)]
  0x00007ffd1401d800 JavaThread "C2 CompilerThread0" daemon [_thread_blocked, id=18691, stack(0x0000000115fa2000,0x00000001160a2000)]
  0x00007ffd1601a800 JavaThread "Signal Dispatcher" daemon [_thread_in_vm, id=15383, stack(0x0000000115e9f000,0x0000000115f9f000)]
  0x00007ffd17003000 JavaThread "Finalizer" daemon [_thread_blocked, id=13571, stack(0x000000011455b000,0x000000011465b000)]
  0x00007ffd17002000 JavaThread "Reference Handler" daemon [_thread_blocked, id=13059, stack(0x0000000114458000,0x0000000114558000)]
  0x00007ffd1400e800 JavaThread "main" [_thread_in_Java, id=4867, stack(0x00000001036c9000,0x00000001037c9000)]

Other Threads:
=>0x00007ffd16802800 VMThread [stack: 0x0000000114355000,0x0000000114455000] [id=12547]

VM state:synchronizing (normal execution)

VM Mutex/Monitor currently owned by a thread:  ([mutex/lock_event])
[0x00007ffd1351fb60] Safepoint_lock - owner thread: 0x00007ffd16802800
[0x00007ffd1351fbe0] Threads_lock - owner thread: 0x00007ffd16802800

Heap
 PSYoungGen      total 76800K, used 34285K [0x00000007aaa80000, 0x00000007b0000000, 0x0000000800000000)
  eden space 66048K, 51% used [0x00000007aaa80000,0x00000007acbfb778,0x00000007aeb00000)
  from space 10752K, 0% used [0x00000007af580000,0x00000007af580000,0x00000007b0000000)
  to   space 10752K, 0% used [0x00000007aeb00000,0x00000007aeb00000,0x00000007af580000)
 ParOldGen       total 174592K, used 0K [0x0000000700000000, 0x000000070aa80000, 0x00000007aaa80000)
  object space 174592K, 0% used [0x0000000700000000,0x0000000700000000,0x000000070aa80000)
 PSPermGen       total 21504K, used 3094K [0x00000006fae00000, 0x00000006fc300000, 0x0000000700000000)
  object space 21504K, 14% used [0x00000006fae00000,0x00000006fb105868,0x00000006fc300000)

Card table byte_map: [0x0000000108350000,0x0000000108b7a000] byte_map_base: 0x0000000104b79000

Polling page: 0x00000001037d8000

Code Cache  [0x0000000105290000, 0x0000000105500000, 0x0000000108290000)
 total_blobs=207 nmethods=17 adapters=145 free_code_cache=48739Kb largest_free_block=49890048

Compilation events (10 events):
Event: 0.115 Thread 0x00007ffd1401d800   13 %           java.math.BigInteger::primitiveLeftShift @ 31 (79 bytes)
Event: 0.119 Thread 0x00007ffd1401d800 nmethod 13% 0x00000001052f7d90 code [0x00000001052f7ee0, 0x00000001052f8298]
Event: 0.161 Thread 0x00007ffd17006000   14             java.math.BigInteger::squareToLen (172 bytes)
Event: 0.171 Thread 0x00007ffd17006000 nmethod 14 0x00000001052f30d0 code [0x00000001052f3240, 0x00000001052f3a88]
Event: 0.176 Thread 0x00007ffd1401d800   15             java.math.BigInteger::addOne (77 bytes)
Event: 0.178 Thread 0x00007ffd1401d800 nmethod 15 0x00000001052f8690 code [0x00000001052f87e0, 0x00000001052f89b8]
Event: 0.186 Thread 0x00007ffd17006000   16 %           java.math.BigInteger::squareToLen @ 99 (172 bytes)
Event: 0.189 Thread 0x00007ffd1401d800   17             java.math.BigInteger::primitiveLeftShift (79 bytes)
Event: 0.192 Thread 0x00007ffd1401d800 nmethod 17 0x00000001052f2bd0 code [0x00000001052f2d20, 0x00000001052f2f98]
Event: 0.193 Thread 0x00007ffd17006000 nmethod 16% 0x00000001052f9450 code [0x00000001052f95c0, 0x00000001052f9c08]

GC Heap History (0 events):
No events

Deoptimization events (0 events):
No events

Internal exceptions (10 events):
Event: 0.072 Thread 0x00007ffd1400e800 Threw 0x00000007aabaaa38 at /HUDSON/workspace/7u-2-build-macosx-x86_64/jdk7u71/1605/hotspot/src/share/vm/prims/jni.cpp:717
Event: 0.072 Thread 0x00007ffd1400e800 Threw 0x00000007aabaab58 at /HUDSON/workspace/7u-2-build-macosx-x86_64/jdk7u71/1605/hotspot/src/share/vm/prims/jvm.cpp:1281
Event: 0.072 Thread 0x00007ffd1400e800 Threw 0x00000007aabaac80 at /HUDSON/workspace/7u-2-build-macosx-x86_64/jdk7u71/1605/hotspot/src/share/vm/prims/jvm.cpp:1281
Event: 0.073 Thread 0x00007ffd1400e800 Threw 0x00000007aabbc6b8 at /HUDSON/workspace/7u-2-build-macosx-x86_64/jdk7u71/1605/hotspot/src/share/vm/prims/jni.cpp:717
Event: 0.073 Thread 0x00007ffd1400e800 Threw 0x00000007aabbc7d8 at /HUDSON/workspace/7u-2-build-macosx-x86_64/jdk7u71/1605/hotspot/src/share/vm/prims/jvm.cpp:1281
Event: 0.073 Thread 0x00007ffd1400e800 Threw 0x00000007aabbc900 at /HUDSON/workspace/7u-2-build-macosx-x86_64/jdk7u71/1605/hotspot/src/share/vm/prims/jvm.cpp:1281
Event: 0.073 Thread 0x00007ffd1400e800 Threw 0x00000007aabbcb50 at /HUDSON/workspace/7u-2-build-macosx-x86_64/jdk7u71/1605/hotspot/src/share/vm/prims/jvm.cpp:1281
Event: 0.085 Thread 0x00007ffd1400e800 Threw 0x00000007aad36cd8 at /HUDSON/workspace/7u-2-build-macosx-x86_64/jdk7u71/1605/hotspot/src/share/vm/prims/jvm.cpp:1281
Event: 0.086 Thread 0x00007ffd1400e800 Threw 0x00000007aad3d328 at /HUDSON/workspace/7u-2-build-macosx-x86_64/jdk7u71/1605/hotspot/src/share/vm/prims/jvm.cpp:1281
Event: 0.088 Thread 0x00007ffd1400e800 Threw 0x00000007aad484b0 at /HUDSON/workspace/7u-2-build-macosx-x86_64/jdk7u71/1605/hotspot/src/share/vm/prims/jvm.cpp:1281

Events (10 events):
Event: 4.096 Executing VM operation: EnableBiasedLocking
Event: 4.564 Executing VM operation: EnableBiasedLocking done
Event: 1463.708 loading class 0x000000011248be60
Event: 1463.709 loading class 0x000000011248be60 done
Event: 1463.709 Thread 0x00007ffd13874800 Thread added: 0x00007ffd13874800
Event: 1463.709 loading class 0x0000000112444450
Event: 1463.710 loading class 0x0000000112444450 done
Event: 1463.710 loading class 0x00007ffd14805300
Event: 1463.710 loading class 0x00007ffd14805300 done
Event: 1463.710 Executing VM operation: Exit


Dynamic libraries:
0x0000000007ae9000 	/System/Library/Frameworks/Cocoa.framework/Versions/A/Cocoa
0x0000000007ae9000 	/System/Library/Frameworks/Security.framework/Versions/A/Security
0x0000000007ae9000 	/System/Library/Frameworks/ApplicationServices.framework/Versions/A/ApplicationServices
0x0000000007ae9000 	/usr/lib/libz.1.dylib
0x0000000007ae9000 	/usr/lib/libSystem.B.dylib
0x0000000007ae9000 	/usr/lib/libobjc.A.dylib
0x0000000007ae9000 	/System/Library/Frameworks/CoreFoundation.framework/Versions/A/CoreFoundation
0x0000000007ae9000 	/System/Library/Frameworks/Foundation.framework/Versions/C/Foundation
0x0000000007ae9000 	/System/Library/Frameworks/AppKit.framework/Versions/C/AppKit
0x0000000007ae9000 	/System/Library/Frameworks/CoreData.framework/Versions/A/CoreData
0x0000000007ae9000 	/System/Library/PrivateFrameworks/RemoteViewServices.framework/Versions/A/RemoteViewServices
0x0000000007ae9000 	/System/Library/PrivateFrameworks/UIFoundation.framework/Versions/A/UIFoundation
0x0000000007ae9000 	/System/Library/Frameworks/IOSurface.framework/Versions/A/IOSurface
0x0000000007ae9000 	/System/Library/Frameworks/AudioToolbox.framework/Versions/A/AudioToolbox
0x0000000007ae9000 	/System/Library/Frameworks/AudioUnit.framework/Versions/A/AudioUnit
0x0000000007ae9000 	/System/Library/PrivateFrameworks/DataDetectorsCore.framework/Versions/A/DataDetectorsCore
0x0000000007ae9000 	/System/Library/PrivateFrameworks/DesktopServicesPriv.framework/Versions/A/DesktopServicesPriv
0x0000000007ae9000 	/System/Library/Frameworks/Carbon.framework/Versions/A/Frameworks/HIToolbox.framework/Versions/A/HIToolbox
0x0000000007ae9000 	/System/Library/Frameworks/QuartzCore.framework/Versions/A/QuartzCore
0x0000000007ae9000 	/System/Library/Frameworks/Carbon.framework/Versions/A/Frameworks/SpeechRecognition.framework/Versions/A/SpeechRecognition
0x0000000007ae9000 	/usr/lib/libauto.dylib
0x0000000007ae9000 	/usr/lib/libicucore.A.dylib
0x0000000007ae9000 	/usr/lib/libxml2.2.dylib
0x0000000007ae9000 	/System/Library/PrivateFrameworks/CoreUI.framework/Versions/A/CoreUI
0x0000000007ae9000 	/System/Library/Frameworks/CoreAudio.framework/Versions/A/CoreAudio
0x0000000007ae9000 	/System/Library/Frameworks/DiskArbitration.framework/Versions/A/DiskArbitration
0x0000000007ae9000 	/usr/lib/liblangid.dylib
0x0000000007ae9000 	/System/Library/PrivateFrameworks/MultitouchSupport.framework/Versions/A/MultitouchSupport
0x0000000007ae9000 	/System/Library/Frameworks/IOKit.framework/Versions/A/IOKit
0x0000000007ae9000 	/usr/lib/libDiagnosticMessagesClient.dylib
0x0000000007ae9000 	/System/Library/Frameworks/CoreServices.framework/Versions/A/CoreServices
0x0000000007ae9000 	/System/Library/PrivateFrameworks/PerformanceAnalysis.framework/Versions/A/PerformanceAnalysis
0x0000000007ae9000 	/System/Library/PrivateFrameworks/GenerationalStorage.framework/Versions/A/GenerationalStorage
0x0000000007ae9000 	/System/Library/Frameworks/OpenGL.framework/Versions/A/OpenGL
0x0000000007ae9000 	/System/Library/PrivateFrameworks/Sharing.framework/Versions/A/Sharing
0x0000000007ae9000 	/System/Library/Frameworks/CoreGraphics.framework/Versions/A/CoreGraphics
0x0000000007ae9000 	/System/Library/Frameworks/CoreText.framework/Versions/A/CoreText
0x0000000007ae9000 	/System/Library/Frameworks/ImageIO.framework/Versions/A/ImageIO
0x0000000007ae9000 	/usr/lib/libextension.dylib
0x0000000007ae9000 	/System/Library/PrivateFrameworks/Backup.framework/Versions/A/Backup
0x0000000007ae9000 	/usr/lib/libarchive.2.dylib
0x0000000007ae9000 	/System/Library/Frameworks/CFNetwork.framework/Versions/A/CFNetwork
0x0000000007ae9000 	/System/Library/Frameworks/SystemConfiguration.framework/Versions/A/SystemConfiguration
0x0000000007ae9000 	/usr/lib/libCRFSuite.dylib
0x0000000007ae9000 	/usr/lib/libc++.1.dylib
0x0000000007ae9000 	/usr/lib/libc++abi.dylib
0x0000000007ae9000 	/usr/lib/system/libcache.dylib
0x0000000007ae9000 	/usr/lib/system/libcommonCrypto.dylib
0x0000000007ae9000 	/usr/lib/system/libcompiler_rt.dylib
0x0000000007ae9000 	/usr/lib/system/libcopyfile.dylib
0x0000000007ae9000 	/usr/lib/system/libcorecrypto.dylib
0x0000000007ae9000 	/usr/lib/system/libdispatch.dylib
0x0000000007ae9000 	/usr/lib/system/libdyld.dylib
0x0000000007ae9000 	/usr/lib/system/libkeymgr.dylib
0x0000000007ae9000 	/usr/lib/system/liblaunch.dylib
0x0000000007ae9000 	/usr/lib/system/libmacho.dylib
0x0000000007ae9000 	/usr/lib/system/libquarantine.dylib
0x0000000007ae9000 	/usr/lib/system/libremovefile.dylib
0x0000000007ae9000 	/usr/lib/system/libsystem_asl.dylib
0x0000000007ae9000 	/usr/lib/system/libsystem_blocks.dylib
0x0000000007ae9000 	/usr/lib/system/libsystem_c.dylib
0x0000000007ae9000 	/usr/lib/system/libsystem_configuration.dylib
0x0000000007ae9000 	/usr/lib/system/libsystem_coreservices.dylib
0x0000000007ae9000 	/usr/lib/system/libsystem_coretls.dylib
0x0000000007ae9000 	/usr/lib/system/libsystem_dnssd.dylib
0x0000000007ae9000 	/usr/lib/system/libsystem_info.dylib
0x0000000007ae9000 	/usr/lib/system/libsystem_kernel.dylib
0x0000000007ae9000 	/usr/lib/system/libsystem_m.dylib
0x0000000007ae9000 	/usr/lib/system/libsystem_malloc.dylib
0x0000000007ae9000 	/usr/lib/system/libsystem_network.dylib
0x0000000007ae9000 	/usr/lib/system/libsystem_networkextension.dylib
0x0000000007ae9000 	/usr/lib/system/libsystem_notify.dylib
0x0000000007ae9000 	/usr/lib/system/libsystem_platform.dylib
0x0000000007ae9000 	/usr/lib/system/libsystem_pthread.dylib
0x0000000007ae9000 	/usr/lib/system/libsystem_sandbox.dylib
0x0000000007ae9000 	/usr/lib/system/libsystem_secinit.dylib
0x0000000007ae9000 	/usr/lib/system/libsystem_stats.dylib
0x0000000007ae9000 	/usr/lib/system/libsystem_trace.dylib
0x0000000007ae9000 	/usr/lib/system/libunc.dylib
0x0000000007ae9000 	/usr/lib/system/libunwind.dylib
0x0000000007ae9000 	/usr/lib/system/libxpc.dylib
0x0000000007ae9000 	/usr/lib/libbz2.1.0.dylib
0x0000000007ae9000 	/usr/lib/liblzma.5.dylib
0x0000000007ae9000 	/usr/lib/libbsm.0.dylib
0x0000000007ae9000 	/usr/lib/libsqlite3.dylib
0x0000000007ae9000 	/usr/lib/system/libkxld.dylib
0x0000000007ae9000 	/usr/lib/libxar.1.dylib
0x0000000007ae9000 	/usr/lib/libpam.2.dylib
0x0000000007ae9000 	/usr/lib/libOpenScriptingUtil.dylib
0x0000000007ae9000 	/System/Library/Frameworks/CoreServices.framework/Versions/A/Frameworks/FSEvents.framework/Versions/A/FSEvents
0x0000000007ae9000 	/System/Library/Frameworks/CoreServices.framework/Versions/A/Frameworks/CarbonCore.framework/Versions/A/CarbonCore
0x0000000007ae9000 	/System/Library/Frameworks/CoreServices.framework/Versions/A/Frameworks/Metadata.framework/Versions/A/Metadata
0x0000000007ae9000 	/System/Library/Frameworks/CoreServices.framework/Versions/A/Frameworks/OSServices.framework/Versions/A/OSServices
0x0000000007ae9000 	/System/Library/Frameworks/CoreServices.framework/Versions/A/Frameworks/SearchKit.framework/Versions/A/SearchKit
0x0000000007ae9000 	/System/Library/Frameworks/CoreServices.framework/Versions/A/Frameworks/AE.framework/Versions/A/AE
0x0000000007ae9000 	/System/Library/Frameworks/CoreServices.framework/Versions/A/Frameworks/LaunchServices.framework/Versions/A/LaunchServices
0x0000000007ae9000 	/System/Library/Frameworks/CoreServices.framework/Versions/A/Frameworks/DictionaryServices.framework/Versions/A/DictionaryServices
0x0000000007ae9000 	/System/Library/Frameworks/NetFS.framework/Versions/A/NetFS
0x0000000007ae9000 	/System/Library/PrivateFrameworks/NetAuth.framework/Versions/A/NetAuth
0x0000000007ae9000 	/System/Library/PrivateFrameworks/login.framework/Versions/A/Frameworks/loginsupport.framework/Versions/A/loginsupport
0x0000000007ae9000 	/System/Library/PrivateFrameworks/TCC.framework/Versions/A/TCC
0x0000000007ae9000 	/usr/lib/libmecabra.dylib
0x0000000007ae9000 	/System/Library/PrivateFrameworks/LanguageModeling.framework/Versions/A/LanguageModeling
0x0000000007ae9000 	/usr/lib/libcmph.dylib
0x0000000007ae9000 	/usr/lib/libiconv.2.dylib
0x0000000007ae9000 	/System/Library/Frameworks/OpenDirectory.framework/Versions/A/Frameworks/CFOpenDirectory.framework/Versions/A/CFOpenDirectory
0x0000000007ae9000 	/System/Library/Frameworks/ServiceManagement.framework/Versions/A/ServiceManagement
0x0000000007ae9000 	/usr/lib/libxslt.1.dylib
0x0000000007ae9000 	/System/Library/Frameworks/Carbon.framework/Versions/A/Frameworks/Ink.framework/Versions/A/Ink
0x0000000007ae9000 	/System/Library/Frameworks/ApplicationServices.framework/Versions/A/Frameworks/ATS.framework/Versions/A/ATS
0x0000000007ae9000 	/System/Library/Frameworks/ApplicationServices.framework/Versions/A/Frameworks/ColorSync.framework/Versions/A/ColorSync
0x0000000007ae9000 	/System/Library/Frameworks/ApplicationServices.framework/Versions/A/Frameworks/HIServices.framework/Versions/A/HIServices
0x0000000007ae9000 	/System/Library/Frameworks/ApplicationServices.framework/Versions/A/Frameworks/LangAnalysis.framework/Versions/A/LangAnalysis
0x0000000007ae9000 	/System/Library/Frameworks/ApplicationServices.framework/Versions/A/Frameworks/PrintCore.framework/Versions/A/PrintCore
0x0000000007ae9000 	/System/Library/Frameworks/ApplicationServices.framework/Versions/A/Frameworks/QD.framework/Versions/A/QD
0x0000000007ae9000 	/System/Library/Frameworks/ApplicationServices.framework/Versions/A/Frameworks/SpeechSynthesis.framework/Versions/A/SpeechSynthesis
0x0000000007ae9000 	/System/Library/Frameworks/Accelerate.framework/Versions/A/Accelerate
0x0000000007ae9000 	/System/Library/Frameworks/Accelerate.framework/Versions/A/Frameworks/vImage.framework/Versions/A/vImage
0x0000000007ae9000 	/System/Library/Frameworks/Accelerate.framework/Versions/A/Frameworks/vecLib.framework/Versions/A/vecLib
0x0000000007ae9000 	/System/Library/Frameworks/Accelerate.framework/Versions/A/Frameworks/vecLib.framework/Versions/A/libvDSP.dylib
0x0000000007ae9000 	/System/Library/Frameworks/Accelerate.framework/Versions/A/Frameworks/vecLib.framework/Versions/A/libvMisc.dylib
0x0000000007ae9000 	/System/Library/Frameworks/Accelerate.framework/Versions/A/Frameworks/vecLib.framework/Versions/A/libLAPACK.dylib
0x0000000007ae9000 	/System/Library/Frameworks/Accelerate.framework/Versions/A/Frameworks/vecLib.framework/Versions/A/libBLAS.dylib
0x0000000007ae9000 	/System/Library/Frameworks/Accelerate.framework/Versions/A/Frameworks/vecLib.framework/Versions/A/libLinearAlgebra.dylib
0x0000000007ae9000 	/System/Library/Frameworks/ApplicationServices.framework/Versions/A/Frameworks/ATS.framework/Versions/A/Resources/libFontParser.dylib
0x0000000007ae9000 	/System/Library/Frameworks/ApplicationServices.framework/Versions/A/Frameworks/ATS.framework/Versions/A/Resources/libFontRegistry.dylib
0x0000000007ae9000 	/System/Library/PrivateFrameworks/AppleVPA.framework/Versions/A/AppleVPA
0x0000000007ae9000 	/System/Library/PrivateFrameworks/AppleJPEG.framework/Versions/A/AppleJPEG
0x0000000007ae9000 	/System/Library/Frameworks/ImageIO.framework/Versions/A/Resources/libJPEG.dylib
0x0000000007ae9000 	/System/Library/Frameworks/ImageIO.framework/Versions/A/Resources/libTIFF.dylib
0x0000000007ae9000 	/System/Library/Frameworks/ImageIO.framework/Versions/A/Resources/libPng.dylib
0x0000000007ae9000 	/System/Library/Frameworks/ImageIO.framework/Versions/A/Resources/libGIF.dylib
0x0000000007ae9000 	/System/Library/Frameworks/ImageIO.framework/Versions/A/Resources/libJP2.dylib
0x0000000007ae9000 	/System/Library/Frameworks/ImageIO.framework/Versions/A/Resources/libRadiance.dylib
0x0000000007ae9000 	/System/Library/Frameworks/CoreVideo.framework/Versions/A/CoreVideo
0x0000000007ae9000 	/System/Library/Frameworks/OpenGL.framework/Versions/A/Libraries/libGLU.dylib
0x0000000007ae9000 	/System/Library/Frameworks/OpenGL.framework/Versions/A/Libraries/libGFXShared.dylib
0x0000000007ae9000 	/System/Library/Frameworks/OpenGL.framework/Versions/A/Libraries/libGL.dylib
0x0000000007ae9000 	/System/Library/Frameworks/OpenGL.framework/Versions/A/Libraries/libGLImage.dylib
0x0000000007ae9000 	/System/Library/Frameworks/OpenGL.framework/Versions/A/Libraries/libCVMSPluginSupport.dylib
0x0000000007ae9000 	/System/Library/Frameworks/OpenGL.framework/Versions/A/Libraries/libCoreVMClient.dylib
0x0000000007ae9000 	/usr/lib/libcups.2.dylib
0x0000000007ae9000 	/System/Library/Frameworks/Kerberos.framework/Versions/A/Kerberos
0x0000000007ae9000 	/System/Library/Frameworks/GSS.framework/Versions/A/GSS
0x0000000007ae9000 	/usr/lib/libresolv.9.dylib
0x0000000007ae9000 	/System/Library/PrivateFrameworks/Heimdal.framework/Versions/A/Heimdal
0x0000000007ae9000 	/usr/lib/libheimdal-asn1.dylib
0x0000000007ae9000 	/System/Library/Frameworks/OpenDirectory.framework/Versions/A/OpenDirectory
0x0000000007ae9000 	/System/Library/PrivateFrameworks/CommonAuth.framework/Versions/A/CommonAuth
0x0000000007ae9000 	/System/Library/Frameworks/SecurityFoundation.framework/Versions/A/SecurityFoundation
0x0000000007ae9000 	/System/Library/Frameworks/QuartzCore.framework/Versions/A/Frameworks/CoreImage.framework/Versions/A/CoreImage
0x0000000007ae9000 	/System/Library/PrivateFrameworks/CrashReporterSupport.framework/Versions/A/CrashReporterSupport
0x0000000007ae9000 	/System/Library/Frameworks/OpenCL.framework/Versions/A/OpenCL
0x0000000007ae9000 	/System/Library/PrivateFrameworks/FaceCore.framework/Versions/A/FaceCore
0x0000000007ae9000 	/System/Library/PrivateFrameworks/Ubiquity.framework/Versions/A/Ubiquity
0x0000000007ae9000 	/System/Library/PrivateFrameworks/IconServices.framework/Versions/A/IconServices
0x0000000007ae9000 	/System/Library/PrivateFrameworks/ChunkingLibrary.framework/Versions/A/ChunkingLibrary
0x0000000007ae9000 	/System/Library/PrivateFrameworks/Apple80211.framework/Versions/A/Apple80211
0x0000000007ae9000 	/System/Library/Frameworks/CoreWLAN.framework/Versions/A/CoreWLAN
0x0000000007ae9000 	/System/Library/Frameworks/IOBluetooth.framework/Versions/A/IOBluetooth
0x0000000007ae9000 	/System/Library/PrivateFrameworks/CoreWiFi.framework/Versions/A/CoreWiFi
0x0000000007ae9000 	/System/Library/Frameworks/CoreBluetooth.framework/Versions/A/CoreBluetooth
0x0000000007ae9000 	/System/Library/PrivateFrameworks/DebugSymbols.framework/Versions/A/DebugSymbols
0x0000000007ae9000 	/System/Library/PrivateFrameworks/CoreSymbolication.framework/Versions/A/CoreSymbolication
0x0000000007ae9000 	/System/Library/PrivateFrameworks/Symbolication.framework/Versions/A/Symbolication
0x0000000007ae9000 	/System/Library/PrivateFrameworks/SpeechRecognitionCore.framework/Versions/A/SpeechRecognitionCore
0x0000000104800000 	/Library/Java/JavaVirtualMachines/jdk1.7.0_71.jdk/Contents/Home/jre/lib/server/libjvm.dylib
0x0000000007ae9000 	/usr/lib/libstdc++.6.dylib
0x00000001037cb000 	/Library/Java/JavaVirtualMachines/jdk1.7.0_71.jdk/Contents/Home/jre/lib/libverify.dylib
0x0000000105260000 	/Library/Java/JavaVirtualMachines/jdk1.7.0_71.jdk/Contents/Home/jre/lib/libjava.dylib
0x00000001037e2000 	/Library/Java/JavaVirtualMachines/jdk1.7.0_71.jdk/Contents/Home/jre/lib/libzip.dylib
0x000000011465d000 	/System/Library/Frameworks/JavaVM.framework/Frameworks/JavaRuntimeSupport.framework/JavaRuntimeSupport
0x0000000114675000 	/System/Library/Frameworks/JavaVM.framework/Versions/A/Frameworks/JavaNativeFoundation.framework/Versions/A/JavaNativeFoundation
0x00000001037ec000 	/System/Library/Frameworks/JavaVM.framework/Versions/A/JavaVM
0x0000000007ae9000 	/System/Library/Frameworks/Carbon.framework/Versions/A/Carbon
0x000000011468a000 	/System/Library/PrivateFrameworks/JavaLaunching.framework/Versions/A/JavaLaunching
0x0000000007ae9000 	/System/Library/Frameworks/Carbon.framework/Versions/A/Frameworks/CommonPanels.framework/Versions/A/CommonPanels
0x0000000007ae9000 	/System/Library/Frameworks/Carbon.framework/Versions/A/Frameworks/Help.framework/Versions/A/Help
0x0000000007ae9000 	/System/Library/Frameworks/Carbon.framework/Versions/A/Frameworks/ImageCapture.framework/Versions/A/ImageCapture
0x0000000007ae9000 	/System/Library/Frameworks/Carbon.framework/Versions/A/Frameworks/OpenScripting.framework/Versions/A/OpenScripting
0x0000000007ae9000 	/System/Library/Frameworks/Carbon.framework/Versions/A/Frameworks/Print.framework/Versions/A/Print
0x0000000007ae9000 	/System/Library/Frameworks/Carbon.framework/Versions/A/Frameworks/SecurityHI.framework/Versions/A/SecurityHI
0x00000001165b3000 	/Applications/IntelliJ IDEA 14.app/Contents/bin/libbreakgen64.jnilib
0x00000001166b9000 	/Library/Java/JavaVirtualMachines/jdk1.7.0_71.jdk/Contents/Home/jre/lib/libnet.dylib

VM Arguments:
jvm_args: -Didea.launcher.port=7532 -Didea.launcher.bin.path=/Applications/IntelliJ IDEA 14.app/Contents/bin -Dfile.encoding=UTF-8 
java_command: com.intellij.rt.execution.application.AppMain Test
Launcher Type: SUN_STANDARD

Environment Variables:
PATH=/usr/local/bin:/usr/local/bin:/opt/local/bin:/opt/local/sbin:/usr/bin:/bin:/usr/sbin:/sbin:/usr/local/bin:/opt/X11/bin:/usr/local/mysql/bin
SHELL=/bin/bash
DISPLAY=/private/tmp/com.apple.launchd.FLFq6jpFj6/org.macosforge.xquartz:0

Signal Handlers:
SIGSEGV: [libjvm.dylib+0x52c49d], sa_mask[0]=0xfffefeff, sa_flags=0x00000043
SIGBUS: [libjvm.dylib+0x52c49d], sa_mask[0]=0xfffefeff, sa_flags=0x00000042
SIGFPE: [libjvm.dylib+0x41e53a], sa_mask[0]=0xfffefeff, sa_flags=0x00000042
SIGPIPE: [libjvm.dylib+0x41e53a], sa_mask[0]=0xfffefeff, sa_flags=0x00000042
SIGXFSZ: [libjvm.dylib+0x41e53a], sa_mask[0]=0xfffefeff, sa_flags=0x00000042
SIGILL: [libjvm.dylib+0x41e53a], sa_mask[0]=0xfffefeff, sa_flags=0x00000042
SIGUSR1: SIG_DFL, sa_mask[0]=0x00000000, sa_flags=0x00000000
SIGUSR2: [libjvm.dylib+0x41e02c], sa_mask[0]=0x00000004, sa_flags=0x00000042
SIGHUP: [libjvm.dylib+0x41c2bd], sa_mask[0]=0xfffefeff, sa_flags=0x00000042
SIGINT: [libjvm.dylib+0x41c2bd], sa_mask[0]=0xfffefeff, sa_flags=0x00000042
SIGTERM: [libjvm.dylib+0x41c2bd], sa_mask[0]=0xfffefeff, sa_flags=0x00000042
SIGQUIT: [libjvm.dylib+0x41c2bd], sa_mask[0]=0xfffefeff, sa_flags=0x00000042


---------------  S Y S T E M  ---------------

OS:Bsduname:Darwin 14.0.0 Darwin Kernel Version 14.0.0: Fri Sep 19 00:26:44 PDT 2014; root:xnu-2782.1.97~2/RELEASE_X86_64 x86_64
rlimit: STACK 8192k, CORE 0k, NPROC 709, NOFILE 10240, AS infinity
load average:8.87 9.16 8.86

CPU:total 8 (4 cores per cpu, 2 threads per core) family 6 model 58 stepping 9, cmov, cx8, fxsr, mmx, sse, sse2, sse3, ssse3, sse4.1, sse4.2, popcnt, avx, aes, erms, ht, tsc, tscinvbit, tscinv

Memory: 4k page, physical 16777216k(4194304k free)

/proc/meminfo:


vm_info: Java HotSpot(TM) 64-Bit Server VM (24.71-b01) for bsd-amd64 JRE (1.7.0_71-b14), built on Sep 26 2014 16:11:44 by "java_re" with gcc 4.2.1 (Based on Apple Inc. build 5658) (LLVM build 2336.11.00)

time: Sat Jan 24 18:28:05 2015
elapsed time: 2725 seconds

